# JRE version: Java(TM) SE Runtime Environment (9.0+11) (build 9.0.4+11)
# Java VM: Java HotSpot(TM) 64-Bit Server VM (9.0.4+11, mixed mode, tiered, compressed oops, g1 gc, windows-amd64)
Heap:
 garbage-first heap   total 167936K, used 124857K [0x0000000700000000, 0x0000000700100520, 0x00000007c0000000)
  region size 1024K, 47 young (48128K), 0 survivors (0K)
 Metaspace       used 82678K, capacity 84479K, committed 89856K, reserved 1126400K
  class space    used 10525K, capacity 10918K, committed 12032K, reserved 1048576K
GC Heap History (10 events):
Event: 12060.441 GC heap before
{Heap before GC invocations=982 (full 95):
 garbage-first heap   total 167936K, used 113909K [0x0000000700000000, 0x0000000700100520, 0x00000007c0000000)
  region size 1024K, 37 young (37888K), 1 survivors (1024K)
 Metaspace       used 82618K, capacity 84411K, committed 89856K, reserved 1126400K
  class space    used 10525K, capacity 10918K, committed 12032K, reserved 1048576K
}
Event: 12060.445 GC heap after
{Heap after GC invocations=983 (full 95):
 garbage-first heap   total 167936K, used 78045K [0x0000000700000000, 0x0000000700100520, 0x00000007c0000000)
  region size 1024K, 1 young (1024K), 1 survivors (1024K)
 Metaspace       used 82618K, capacity 84411K, committed 89856K, reserved 1126400K
  class space    used 10525K, capacity 10918K, committed 12032K, reserved 1048576K
}
Event: 12060.807 GC heap before
{Heap before GC invocations=984 (full 95):
 garbage-first heap   total 167936K, used 132317K [0x0000000700000000, 0x0000000700100520, 0x00000007c0000000)
  region size 1024K, 55 young (56320K), 1 survivors (1024K)
 Metaspace       used 82621K, capacity 84411K, committed 89856K, reserved 1126400K
  class space    used 10525K, capacity 10918K, committed 12032K, reserved 1048576K
}
Event: 12060.810 GC heap after
{Heap after GC invocations=985 (full 95):
 garbage-first heap   total 167936K, used 78385K [0x0000000700000000, 0x0000000700100520, 0x00000007c0000000)
  region size 1024K, 1 young (1024K), 1 survivors (1024K)
 Metaspace       used 82621K, capacity 84411K, committed 89856K, reserved 1126400K
  class space    used 10525K, capacity 10918K, committed 12032K, reserved 1048576K
}
Event: 12063.560 GC heap before
{Heap before GC invocations=986 (full 95):
 garbage-first heap   total 167936K, used 139825K [0x0000000700000000, 0x0000000700100520, 0x00000007c0000000)
  region size 1024K, 60 young (61440K), 1 survivors (1024K)
 Metaspace       used 82623K, capacity 84411K, committed 89856K, reserved 1126400K
  class space    used 10525K, capacity 10918K, committed 12032K, reserved 1048576K
}
Event: 12063.563 GC heap after
{Heap after GC invocations=987 (full 95):
 garbage-first heap   total 167936K, used 78773K [0x0000000700000000, 0x0000000700100520, 0x00000007c0000000)
  region size 1024K, 2 young (2048K), 2 survivors (2048K)
 Metaspace       used 82623K, capacity 84411K, committed 89856K, reserved 1126400K
  class space    used 10525K, capacity 10918K, committed 12032K, reserved 1048576K
}
Event: 12063.743 GC heap before
{Heap before GC invocations=987 (full 95):
 garbage-first heap   total 167936K, used 98229K [0x0000000700000000, 0x0000000700100520, 0x00000007c0000000)
  region size 1024K, 22 young (22528K), 2 survivors (2048K)
 Metaspace       used 82646K, capacity 84475K, committed 89856K, reserved 1126400K
  class space    used 10525K, capacity 10918K, committed 12032K, reserved 1048576K
}
Event: 12063.746 GC heap after
{Heap after GC invocations=988 (full 95):
 garbage-first heap   total 167936K, used 78611K [0x0000000700000000, 0x0000000700100520, 0x00000007c0000000)
  region size 1024K, 2 young (2048K), 2 survivors (2048K)
 Metaspace       used 82646K, capacity 84475K, committed 89856K, reserved 1126400K
  class space    used 10525K, capacity 10918K, committed 12032K, reserved 1048576K
}
Event: 12068.694 GC heap before
{Heap before GC invocations=989 (full 95):
 garbage-first heap   total 167936K, used 125715K [0x0000000700000000, 0x0000000700100520, 0x00000007c0000000)
  region size 1024K, 48 young (49152K), 2 survivors (2048K)
 Metaspace       used 82652K, capacity 84479K, committed 89856K, reserved 1126400K
  class space    used 10525K, capacity 10918K, committed 12032K, reserved 1048576K
}
Event: 12068.901 GC heap after
{Heap after GC invocations=990 (full 96):
 garbage-first heap   total 167936K, used 77753K [0x0000000700000000, 0x0000000700100520, 0x00000007c0000000)
  region size 1024K, 0 young (0K), 0 survivors (0K)
 Metaspace       used 82652K, capacity 84479K, committed 89856K, reserved 1126400K
  class space    used 10525K, capacity 10918K, committed 12032K, reserved 1048576K
}

